d:\gameserver\servercore\x64\debug\servercore.pch
d:\gameserver\libraries\libs\servercore\debug\servercore.pdb
d:\gameserver\libraries\libs\servercore\debug\servercore.idb
d:\gameserver\servercore\x64\debug\pch.obj
d:\gameserver\servercore\x64\debug\socketutils.obj
d:\gameserver\servercore\x64\debug\session.obj
d:\gameserver\servercore\x64\debug\service.obj
d:\gameserver\servercore\x64\debug\sendbuffer.obj
d:\gameserver\servercore\x64\debug\refcounting.obj
d:\gameserver\servercore\x64\debug\recvbuffer.obj
d:\gameserver\servercore\x64\debug\netaddress.obj
d:\gameserver\servercore\x64\debug\memorypool.obj
d:\gameserver\servercore\x64\debug\memory.obj
d:\gameserver\servercore\x64\debug\lock.obj
d:\gameserver\servercore\x64\debug\listener.obj
d:\gameserver\servercore\x64\debug\iocpevent.obj
d:\gameserver\servercore\x64\debug\iocpcore.obj
d:\gameserver\servercore\x64\debug\deadlockprofiler.obj
d:\gameserver\servercore\x64\debug\coretls.obj
d:\gameserver\servercore\x64\debug\corepch.obj
d:\gameserver\servercore\x64\debug\coreglobal.obj
d:\gameserver\servercore\x64\debug\bufferwriter.obj
d:\gameserver\servercore\x64\debug\bufferreader.obj
d:\gameserver\servercore\x64\debug\allocator.obj
d:\gameserver\servercore\x64\debug\threadmanager.obj
d:\gameserver\libraries\libs\servercore\debug\servercore.lib
d:\gameserver\servercore\x64\debug\servercore.tlog\cl.command.1.tlog
d:\gameserver\servercore\x64\debug\servercore.tlog\cl.read.1.tlog
d:\gameserver\servercore\x64\debug\servercore.tlog\cl.write.1.tlog
d:\gameserver\servercore\x64\debug\servercore.tlog\lib-link.read.1.tlog
d:\gameserver\servercore\x64\debug\servercore.tlog\lib-link.write.1.tlog
d:\gameserver\servercore\x64\debug\servercore.tlog\lib.command.1.tlog
