d:\gameserver\gameserver\x64\release\vc142.pdb
d:\gameserver\gameserver\x64\release\clientpackethandler.obj
d:\gameserver\gameserver\x64\release\gamesessionmanager.obj
d:\gameserver\gameserver\x64\release\gamesession.obj
d:\gameserver\gameserver\x64\release\gameserver.obj
d:\gameserver\gameserver\x64\release\gameserver.pch
d:\gameserver\gameserver\x64\release\pch.obj
d:\gameserver\gameserver\x64\release\struct.pb.obj
d:\gameserver\gameserver\x64\release\protocol.pb.obj
d:\gameserver\gameserver\x64\release\enum.pb.obj
d:\gameserver\gameserver\x64\release\room.obj
d:\gameserver\gameserver\x64\release\player.obj
d:\gameserver\binary\release\gameserver.exe
d:\gameserver\gameserver\x64\release\gameserver.ipdb
d:\gameserver\gameserver\x64\release\gameserver.iobj
d:\gameserver\binary\release\gameserver.pdb
d:\gameserver\gameserver\x64\release\gameserver.tlog\cl.command.1.tlog
d:\gameserver\gameserver\x64\release\gameserver.tlog\cl.read.1.tlog
d:\gameserver\gameserver\x64\release\gameserver.tlog\cl.write.1.tlog
d:\gameserver\gameserver\x64\release\gameserver.tlog\link.command.1.tlog
d:\gameserver\gameserver\x64\release\gameserver.tlog\link.read.1.tlog
d:\gameserver\gameserver\x64\release\gameserver.tlog\link.write.1.tlog
