d:\gameserver\libraries\release\servercore.pdb
d:\gameserver\servercore\x64\release\threadmanager.obj
d:\gameserver\servercore\x64\release\socketutils.obj
d:\gameserver\servercore\x64\release\session.obj
d:\gameserver\servercore\x64\release\service.obj
d:\gameserver\servercore\x64\release\sendbuffer.obj
d:\gameserver\servercore\x64\release\refcounting.obj
d:\gameserver\servercore\x64\release\recvbuffer.obj
d:\gameserver\servercore\x64\release\netaddress.obj
d:\gameserver\servercore\x64\release\memorypool.obj
d:\gameserver\servercore\x64\release\memory.obj
d:\gameserver\servercore\x64\release\lock.obj
d:\gameserver\servercore\x64\release\listener.obj
d:\gameserver\servercore\x64\release\iocpevent.obj
d:\gameserver\servercore\x64\release\iocpcore.obj
d:\gameserver\servercore\x64\release\deadlockprofiler.obj
d:\gameserver\servercore\x64\release\coretls.obj
d:\gameserver\servercore\x64\release\corepch.obj
d:\gameserver\servercore\x64\release\coreglobal.obj
d:\gameserver\servercore\x64\release\allocator.obj
d:\gameserver\servercore\x64\release\servercore.pch
d:\gameserver\libraries\libs\servercore\release\servercore.pdb
d:\gameserver\servercore\x64\release\pch.obj
d:\gameserver\servercore\x64\release\bufferwriter.obj
d:\gameserver\servercore\x64\release\bufferreader.obj
d:\gameserver\libraries\release\servercore.lib
d:\gameserver\libraries\libs\servercore\release\servercore.lib
d:\gameserver\servercore\x64\release\servercore.tlog\cl.command.1.tlog
d:\gameserver\servercore\x64\release\servercore.tlog\cl.read.1.tlog
d:\gameserver\servercore\x64\release\servercore.tlog\cl.write.1.tlog
d:\gameserver\servercore\x64\release\servercore.tlog\lib-link.read.1.tlog
d:\gameserver\servercore\x64\release\servercore.tlog\lib-link.write.1.tlog
d:\gameserver\servercore\x64\release\servercore.tlog\lib.command.1.tlog
