d:\gameserver\gameserver\x64\debug\vc142.pdb
d:\gameserver\gameserver\x64\debug\vc142.idb
d:\gameserver\gameserver\x64\debug\clientpackethandler.obj
d:\gameserver\gameserver\x64\debug\gamesessionmanager.obj
d:\gameserver\gameserver\x64\debug\gamesession.obj
d:\gameserver\gameserver\x64\debug\gameserver.obj
d:\gameserver\gameserver\x64\debug\gameserver.pch
d:\gameserver\gameserver\x64\debug\pch.obj
d:\gameserver\gameserver\x64\debug\struct.pb.obj
d:\gameserver\gameserver\x64\debug\protocol.pb.obj
d:\gameserver\gameserver\x64\debug\enum.pb.obj
d:\gameserver\gameserver\x64\debug\room.obj
d:\gameserver\gameserver\x64\debug\player.obj
d:\gameserver\binary\debug\gameserver.exe
d:\gameserver\gameserver\x64\debug\gameserver.ilk
d:\gameserver\binary\debug\gameserver.pdb
d:\gameserver\gameserver\x64\debug\gameserver.tlog\cl.command.1.tlog
d:\gameserver\gameserver\x64\debug\gameserver.tlog\cl.read.1.tlog
d:\gameserver\gameserver\x64\debug\gameserver.tlog\cl.write.1.tlog
d:\gameserver\gameserver\x64\debug\gameserver.tlog\link.command.1.tlog
d:\gameserver\gameserver\x64\debug\gameserver.tlog\link.read.1.tlog
d:\gameserver\gameserver\x64\debug\gameserver.tlog\link.write.1.tlog
